<?xml version="1.0" encoding="UTF-8"?>
<!-- Generated by org.testng.reporters.JUnitReportReporter -->
<testsuite hostname="MSI" failures="0" tests="1" name="runnerClasses.LoginWithDATAPP1Runner" time="0.058" errors="0" timestamp="2024-05-25T15:08:35 IST" skipped="0">
  <testcase classname="runnerClasses.LoginWithDATAPP1Runner" name="runScenario" time="0.058"/>
  <system-out/>
</testsuite> <!-- runnerClasses.LoginWithDATAPP1Runner -->
