<?xml version="1.0" encoding="UTF-8"?>
<!-- Generated by org.testng.reporters.JUnitReportReporter -->
<testsuite hostname="MSI" failures="0" tests="4" name="runnerClasses.ScenarioOutlinePP1Runner" time="0.175" errors="0" timestamp="2024-05-25T02:18:53 IST" skipped="0">
  <testcase classname="runnerClasses.ScenarioOutlinePP1Runner" name="runScenario" time="0.119"/>
  <system-out/>
  <testcase classname="runnerClasses.ScenarioOutlinePP1Runner" name="runScenario" time="0.016"/>
  <system-out/>
  <testcase classname="runnerClasses.ScenarioOutlinePP1Runner" name="runScenario" time="0.016"/>
  <system-out/>
  <testcase classname="runnerClasses.ScenarioOutlinePP1Runner" name="runScenario" time="0.024"/>
  <system-out/>
</testsuite> <!-- runnerClasses.ScenarioOutlinePP1Runner -->
