<?xml version="1.0" encoding="UTF-8"?>
<!-- Generated by org.testng.reporters.JUnitReportReporter -->
<testsuite hostname="MSI" failures="0" tests="1" name="runnerClasses.RegistrationPP1Runner" time="0.083" errors="0" timestamp="2024-05-25T23:25:20 IST" skipped="0">
  <testcase classname="runnerClasses.RegistrationPP1Runner" name="runScenario" time="0.083"/>
  <system-out/>
</testsuite> <!-- runnerClasses.RegistrationPP1Runner -->
