<?xml version="1.0" encoding="UTF-8"?>
<!-- Generated by org.testng.reporters.JUnitReportReporter -->
<testsuite hostname="MSI" failures="0" tests="3" name="runnerClasses.OrderRunnerPP1" time="0.122" errors="0" timestamp="2024-05-25T01:19:16 IST" skipped="0">
  <testcase classname="runnerClasses.OrderRunnerPP1" name="runScenario" time="0.013"/>
  <system-out/>
  <testcase classname="runnerClasses.OrderRunnerPP1" name="runScenario" time="0.090"/>
  <system-out/>
  <testcase classname="runnerClasses.OrderRunnerPP1" name="runScenario" time="0.019"/>
  <system-out/>
</testsuite> <!-- runnerClasses.OrderRunnerPP1 -->
